{"C:\\Users\\Hendrix\\Documents\\GitHub\\React-Native-Basics\\client1\\App.js": {"path":"C:\\Users\\Hendrix\\Documents\\GitHub\\React-Native-Basics\\client1\\App.js","statementMap":{"0":{"start":{"line":13,"column":4},"end":{"line":17,"column":5}},"1":{"start":{"line":21,"column":4},"end":{"line":26,"column":6}},"2":{"start":{"line":29,"column":15},"end":{"line":36,"column":2}}},"fnMap":{"0":{"name":"createPerson","decl":{"start":{"line":12,"column":16},"end":{"line":12,"column":28}},"loc":{"start":{"line":12,"column":56},"end":{"line":18,"column":1}},"line":12},"1":{"name":"App","decl":{"start":{"line":20,"column":24},"end":{"line":20,"column":27}},"loc":{"start":{"line":20,"column":30},"end":{"line":27,"column":1}},"line":20}},"branchMap":{},"s":{"0":1,"1":1,"2":1},"f":{"0":1,"1":1},"b":{},"_coverageSchema":"1a1c01bbd47fc00a2c39e90264f33305004495a9","hash":"fe02d3cc27e928e2757893e18cd38e249b68a034"}
}
